# JRE version: Java(TM) SE Runtime Environment (8.0_31-b13) (build 1.8.0_31-b13)
# Java VM: Java HotSpot(TM) 64-Bit Server VM (25.31-b07 mixed mode windows-amd64 compressed oops)
Heap:
 PSYoungGen      total 18944K, used 491K [0x00000000eb380000, 0x00000000ec880000, 0x0000000100000000)
  eden space 16384K, 3% used [0x00000000eb380000,0x00000000eb3faf00,0x00000000ec380000)
  from space 2560K, 0% used [0x00000000ec380000,0x00000000ec380000,0x00000000ec600000)
  to   space 2560K, 0% used [0x00000000ec600000,0x00000000ec600000,0x00000000ec880000)
 ParOldGen       total 33280K, used 1202K [0x00000000c1a00000, 0x00000000c3a80000, 0x00000000eb380000)
  object space 33280K, 3% used [0x00000000c1a00000,0x00000000c1b2cb70,0x00000000c3a80000)
 Metaspace       used 8365K, capacity 8480K, committed 8576K, reserved 1058816K
  class space    used 1037K, capacity 1090K, committed 1152K, reserved 1048576K
GC Heap History (3 events):
Event: 1.242 GC heap before
{Heap before GC invocations=1 (full 0):
 PSYoungGen      total 18944K, used 3281K [0x00000000eb380000, 0x00000000ec880000, 0x0000000100000000)
  eden space 16384K, 20% used [0x00000000eb380000,0x00000000eb6b4458,0x00000000ec380000)
  from space 2560K, 0% used [0x00000000ec600000,0x00000000ec600000,0x00000000ec880000)
  to   space 2560K, 0% used [0x00000000ec380000,0x00000000ec380000,0x00000000ec600000)
 ParOldGen       total 44032K, used 0K [0x00000000c1a00000, 0x00000000c4500000, 0x00000000eb380000)
  object space 44032K, 0% used [0x00000000c1a00000,0x00000000c1a00000,0x00000000c4500000)
 Metaspace       used 7634K, capacity 7746K, committed 7936K, reserved 1058816K
  class space    used 946K, capacity 995K, committed 1024K, reserved 1048576K
Event: 1.247 GC heap after
Heap after GC invocations=1 (full 0):
 PSYoungGen      total 18944K, used 1264K [0x00000000eb380000, 0x00000000ec880000, 0x0000000100000000)
  eden space 16384K, 0% used [0x00000000eb380000,0x00000000eb380000,0x00000000ec380000)
  from space 2560K, 49% used [0x00000000ec380000,0x00000000ec4bc010,0x00000000ec600000)
  to   space 2560K, 0% used [0x00000000ec600000,0x00000000ec600000,0x00000000ec880000)
 ParOldGen       total 44032K, used 8K [0x00000000c1a00000, 0x00000000c4500000, 0x00000000eb380000)
  object space 44032K, 0% used [0x00000000c1a00000,0x00000000c1a02000,0x00000000c4500000)
 Metaspace       used 7634K, capacity 7746K, committed 7936K, reserved 1058816K
  class space    used 946K, capacity 995K, committed 1024K, reserved 1048576K
}
Event: 1.247 GC heap before
{Heap before GC invocations=2 (full 1):
 PSYoungGen      total 18944K, used 1264K [0x00000000eb380000, 0x00000000ec880000, 0x0000000100000000)
  eden space 16384K, 0% used [0x00000000eb380000,0x00000000eb380000,0x00000000ec380000)
  from space 2560K, 49% used [0x00000000ec380000,0x00000000ec4bc010,0x00000000ec600000)
  to   space 2560K, 0% used [0x00000000ec600000,0x00000000ec600000,0x00000000ec880000)
 ParOldGen       total 44032K, used 8K [0x00000000c1a00000, 0x00000000c4500000, 0x00000000eb380000)
  object space 44032K, 0% used [0x00000000c1a00000,0x00000000c1a02000,0x00000000c4500000)
 Metaspace       used 7634K, capacity 7746K, committed 7936K, reserved 1058816K
  class space    used 946K, capacity 995K, committed 1024K, reserved 1048576K

